<?xml version="1.0" encoding="UTF-8"?>
<!-- Generated by org.testng.reporters.JUnitXMLReporter -->
<testsuite ignored="0" hostname="Yogesh" failures="0" tests="2" name="Default test" time="0.044" errors="0" timestamp="2022-08-12T11:33:53 IST">
  <testcase classname="Test.VerifyCarInsurance" name="@BeforeTest launchbrowser" time="-1.660284233328E9">
    <failure type="org.testng.TestNGException" message="
Parameter &amp;apos;browsername&amp;apos; is required by BeforeTest on method launchbrowser but has not been marked @Optional or defined
in C:\Users\borse\AppData\Local\Temp\testng-eclipse--1479798944\testng-customsuite.xml">
      <![CDATA[org.testng.TestNGException: 
Parameter 'browsername' is required by BeforeTest on method launchbrowser but has not been marked @Optional or defined
in C:\Users\borse\AppData\Local\Temp\testng-eclipse--1479798944\testng-customsuite.xml
at org.testng.internal.Parameters.createParams(Parameters.java:270)
at org.testng.internal.Parameters.createParametersForMethod(Parameters.java:358)
at org.testng.internal.Parameters.createParameters(Parameters.java:700)
at org.testng.internal.Parameters.createConfigurationParameters(Parameters.java:168)
at org.testng.internal.ConfigInvoker.invokeConfigurations(ConfigInvoker.java:302)
at org.testng.TestRunner.invokeTestConfigurations(TestRunner.java:637)
at org.testng.TestRunner.beforeRun(TestRunner.java:627)
at org.testng.TestRunner.run(TestRunner.java:589)
at org.testng.SuiteRunner.runTest(SuiteRunner.java:377)
at org.testng.SuiteRunner.runSequentially(SuiteRunner.java:371)
at org.testng.SuiteRunner.privateRun(SuiteRunner.java:332)
at org.testng.SuiteRunner.run(SuiteRunner.java:276)
at org.testng.SuiteRunnerWorker.runSuite(SuiteRunnerWorker.java:53)
at org.testng.SuiteRunnerWorker.run(SuiteRunnerWorker.java:96)
at org.testng.TestNG.runSuitesSequentially(TestNG.java:1212)
at org.testng.TestNG.runSuitesLocally(TestNG.java:1134)
at org.testng.TestNG.runSuites(TestNG.java:1063)
at org.testng.TestNG.run(TestNG.java:1031)
at org.testng.remote.AbstractRemoteTestNG.run(AbstractRemoteTestNG.java:115)
at org.testng.remote.RemoteTestNG.initAndRun(RemoteTestNG.java:251)
at org.testng.remote.RemoteTestNG.main(RemoteTestNG.java:77)
]]>
    </failure>
  </testcase> <!-- @BeforeTest launchbrowser -->
  <testcase classname="Test.VerifyCarInsurance" name="@BeforeClass createObject" time="-1.660284233344E9">
    <skipped/>
  </testcase> <!-- @BeforeClass createObject -->
  <testcase classname="Test.VerifyCarInsurance" name="@BeforeMethod logintheapplicatin" time="-1.660284233356E9">
    <skipped/>
  </testcase> <!-- @BeforeMethod logintheapplicatin -->
  <testcase classname="Test.VerifyCarInsurance" name="@AfterMethod logoutapplication" time="-1.66028423336E9">
    <skipped/>
  </testcase> <!-- @AfterMethod logoutapplication -->
  <testcase classname="Test.VerifyCarInsurance" name="@BeforeMethod logintheapplicatin" time="-1.660284233362E9">
    <skipped/>
  </testcase> <!-- @BeforeMethod logintheapplicatin -->
  <testcase classname="Test.VerifyCarInsurance" name="@AfterMethod logoutapplication" time="-1.660284233365E9">
    <skipped/>
  </testcase> <!-- @AfterMethod logoutapplication -->
  <testcase classname="Test.VerifyCarInsurance" name="@AfterClass clearobject" time="-1.660284233366E9">
    <skipped/>
  </testcase> <!-- @AfterClass clearobject -->
  <testcase classname="Test.VerifyCarInsurance" name="@AfterTest closebrowser" time="-1.660284233367E9">
    <skipped/>
  </testcase> <!-- @AfterTest closebrowser -->
  <testcase classname="Test.VerifyCarInsurance" name="verifyrequestQotation" time="0.0">
    <skipped/>
  </testcase> <!-- verifyrequestQotation -->
  <testcase classname="Test.VerifyCarInsurance" name="verifyreriveQotation" time="0.0">
    <skipped/>
  </testcase> <!-- verifyreriveQotation -->
</testsuite> <!-- Default test -->
